#
# There is insufficient memory for the Java Runtime Environment to continue.
# Native memory allocation (mmap) failed to map 3579314176 bytes for committing reserved memory.
# Possible reasons:
#   The system is out of physical RAM or swap space
#   In 32 bit mode, the process size limit was hit
# Possible solutions:
#   Reduce memory load on the system
#   Increase physical memory or swap space
#   Check if swap backing store is full
#   Use 64 bit Java on a 64 bit OS
#   Decrease Java heap size (-Xmx/-Xms)
#   Decrease number of Java threads
#   Decrease Java thread stack sizes (-Xss)
#   Set larger code cache with -XX:ReservedCodeCacheSize=
# This output file may be truncated or incomplete.
#
#  Out of Memory Error (os_linux.cpp:2743), pid=11314, tid=0x00007f1aa30b7700
#
# JRE version:  (8.0_191-b12) (build )
# Java VM: Java HotSpot(TM) 64-Bit Server VM (25.191-b12 mixed mode linux-amd64 compressed oops)
# Failed to write core dump. Core dumps have been disabled. To enable core dumping, try "ulimit -c unlimited" before starting Java again
#

---------------  T H R E A D  ---------------

Current thread (0x00007f1a9c00b000):  JavaThread "Unknown thread" [_thread_in_vm, id=11326, stack(0x00007f1aa2fb8000,0x00007f1aa30b8000)]

Stack: [0x00007f1aa2fb8000,0x00007f1aa30b8000],  sp=0x00007f1aa30b6570,  free space=1017k
Native frames: (J=compiled Java code, j=interpreted, Vv=VM code, C=native code)
V  [libjvm.so+0xace425]  VMError::report_and_die()+0x2c5
V  [libjvm.so+0x4deb77]  report_vm_out_of_memory(char const*, int, unsigned long, VMErrorType, char const*)+0x67
V  [libjvm.so+0x90c570]  os::pd_commit_memory(char*, unsigned long, unsigned long, bool)+0x100
V  [libjvm.so+0x903eaf]  os::commit_memory(char*, unsigned long, unsigned long, bool)+0x1f
V  [libjvm.so+0x988346]  PSVirtualSpace::expand_by(unsigned long)+0x56
V  [libjvm.so+0x978c6c]  PSOldGen::initialize(ReservedSpace, unsigned long, char const*, int)+0x8c
V  [libjvm.so+0x2bce5e]  AdjoiningGenerations::AdjoiningGenerations(ReservedSpace, GenerationSizer*, unsigned long)+0x2fe
V  [libjvm.so+0x9369d2]  ParallelScavengeHeap::initialize()+0x222
V  [libjvm.so+0xa922ba]  Universe::initialize_heap()+0x16a
V  [libjvm.so+0xa92593]  universe_init()+0x33
V  [libjvm.so+0x62f0f0]  init_globals()+0x50
V  [libjvm.so+0xa74c57]  Threads::create_vm(JavaVMInitArgs*, bool*)+0x257
V  [libjvm.so+0x6d49ff]  JNI_CreateJavaVM+0x4f
C  [libjli.so+0x7e74]  JavaMain+0x84
C  [libpthread.so.0+0x76db]  start_thread+0xdb


---------------  P R O C E S S  ---------------

Java Threads: ( => current thread )

Other Threads:

=>0x00007f1a9c00b000 (exited) JavaThread "Unknown thread" [_thread_in_vm, id=11326, stack(0x00007f1aa2fb8000,0x00007f1aa30b8000)]

VM state:not at safepoint (not fully initialized)

VM Mutex/Monitor currently owned by a thread: None

GC Heap History (0 events):
No events

Deoptimization events (0 events):
No events

Classes redefined (0 events):
No events

Internal exceptions (0 events):
No events

Events (0 events):
No events


Dynamic libraries:
00400000-00401000 r-xp 00000000 08:01 8128497                            /opt/java/jdk1.8.0_191/bin/java
00600000-00601000 r--p 00000000 08:01 8128497                            /opt/java/jdk1.8.0_191/bin/java
00601000-00602000 rw-p 00001000 08:01 8128497                            /opt/java/jdk1.8.0_191/bin/java
01563000-01584000 rw-p 00000000 00:00 0                                  [heap]
755580000-7c0000000 rw-p 00000000 00:00 0 
7f1a8bfac000-7f1a8c23f000 rw-p 00000000 00:00 0 
7f1a8c23f000-7f1a8c8e9000 ---p 00000000 00:00 0 
7f1a8c8e9000-7f1a8cc4a000 rw-p 00000000 00:00 0 
7f1a8cc4a000-7f1a8d000000 ---p 00000000 00:00 0 
7f1a8d000000-7f1a8d270000 rwxp 00000000 00:00 0 
7f1a8d270000-7f1a9c000000 ---p 00000000 00:00 0 
7f1a9c000000-7f1a9c036000 rw-p 00000000 00:00 0 
7f1a9c036000-7f1aa0000000 ---p 00000000 00:00 0 
7f1aa005f000-7f1aa0079000 r-xp 00000000 08:01 8257774                    /opt/java/jdk1.8.0_191/jre/lib/amd64/libzip.so
7f1aa0079000-7f1aa0279000 ---p 0001a000 08:01 8257774                    /opt/java/jdk1.8.0_191/jre/lib/amd64/libzip.so
7f1aa0279000-7f1aa027a000 r--p 0001a000 08:01 8257774                    /opt/java/jdk1.8.0_191/jre/lib/amd64/libzip.so
7f1aa027a000-7f1aa027b000 rw-p 0001b000 08:01 8257774                    /opt/java/jdk1.8.0_191/jre/lib/amd64/libzip.so
7f1aa027b000-7f1aa0286000 r-xp 00000000 08:01 13112055                   /lib/x86_64-linux-gnu/libnss_files-2.27.so
7f1aa0286000-7f1aa0485000 ---p 0000b000 08:01 13112055                   /lib/x86_64-linux-gnu/libnss_files-2.27.so
7f1aa0485000-7f1aa0486000 r--p 0000a000 08:01 13112055                   /lib/x86_64-linux-gnu/libnss_files-2.27.so
7f1aa0486000-7f1aa0487000 rw-p 0000b000 08:01 13112055                   /lib/x86_64-linux-gnu/libnss_files-2.27.so
7f1aa0487000-7f1aa048d000 rw-p 00000000 00:00 0 
7f1aa048d000-7f1aa04a4000 r-xp 00000000 08:01 13112049                   /lib/x86_64-linux-gnu/libnsl-2.27.so
7f1aa04a4000-7f1aa06a3000 ---p 00017000 08:01 13112049                   /lib/x86_64-linux-gnu/libnsl-2.27.so
7f1aa06a3000-7f1aa06a4000 r--p 00016000 08:01 13112049                   /lib/x86_64-linux-gnu/libnsl-2.27.so
7f1aa06a4000-7f1aa06a5000 rw-p 00017000 08:01 13112049                   /lib/x86_64-linux-gnu/libnsl-2.27.so
7f1aa06a5000-7f1aa06a7000 rw-p 00000000 00:00 0 
7f1aa06a7000-7f1aa06b2000 r-xp 00000000 08:01 13112066                   /lib/x86_64-linux-gnu/libnss_nis-2.27.so
7f1aa06b2000-7f1aa08b1000 ---p 0000b000 08:01 13112066                   /lib/x86_64-linux-gnu/libnss_nis-2.27.so
7f1aa08b1000-7f1aa08b2000 r--p 0000a000 08:01 13112066                   /lib/x86_64-linux-gnu/libnss_nis-2.27.so
7f1aa08b2000-7f1aa08b3000 rw-p 0000b000 08:01 13112066                   /lib/x86_64-linux-gnu/libnss_nis-2.27.so
7f1aa08b3000-7f1aa08bb000 r-xp 00000000 08:01 13112051                   /lib/x86_64-linux-gnu/libnss_compat-2.27.so
7f1aa08bb000-7f1aa0abb000 ---p 00008000 08:01 13112051                   /lib/x86_64-linux-gnu/libnss_compat-2.27.so
7f1aa0abb000-7f1aa0abc000 r--p 00008000 08:01 13112051                   /lib/x86_64-linux-gnu/libnss_compat-2.27.so
7f1aa0abc000-7f1aa0abd000 rw-p 00009000 08:01 13112051                   /lib/x86_64-linux-gnu/libnss_compat-2.27.so
7f1aa0abd000-7f1aa0aea000 r-xp 00000000 08:01 8257768                    /opt/java/jdk1.8.0_191/jre/lib/amd64/libjava.so
7f1aa0aea000-7f1aa0ce9000 ---p 0002d000 08:01 8257768                    /opt/java/jdk1.8.0_191/jre/lib/amd64/libjava.so
7f1aa0ce9000-7f1aa0cea000 r--p 0002c000 08:01 8257768                    /opt/java/jdk1.8.0_191/jre/lib/amd64/libjava.so
7f1aa0cea000-7f1aa0cec000 rw-p 0002d000 08:01 8257768                    /opt/java/jdk1.8.0_191/jre/lib/amd64/libjava.so
7f1aa0cec000-7f1aa0cf9000 r-xp 00000000 08:01 8257773                    /opt/java/jdk1.8.0_191/jre/lib/amd64/libverify.so
7f1aa0cf9000-7f1aa0ef8000 ---p 0000d000 08:01 8257773                    /opt/java/jdk1.8.0_191/jre/lib/amd64/libverify.so
7f1aa0ef8000-7f1aa0efa000 r--p 0000c000 08:01 8257773                    /opt/java/jdk1.8.0_191/jre/lib/amd64/libverify.so
7f1aa0efa000-7f1aa0efb000 rw-p 0000e000 08:01 8257773                    /opt/java/jdk1.8.0_191/jre/lib/amd64/libverify.so
7f1aa0efb000-7f1aa0f02000 r-xp 00000000 08:01 13112106                   /lib/x86_64-linux-gnu/librt-2.27.so
7f1aa0f02000-7f1aa1101000 ---p 00007000 08:01 13112106                   /lib/x86_64-linux-gnu/librt-2.27.so
7f1aa1101000-7f1aa1102000 r--p 00006000 08:01 13112106                   /lib/x86_64-linux-gnu/librt-2.27.so
7f1aa1102000-7f1aa1103000 rw-p 00007000 08:01 13112106                   /lib/x86_64-linux-gnu/librt-2.27.so
7f1aa1103000-7f1aa12a0000 r-xp 00000000 08:01 13112028                   /lib/x86_64-linux-gnu/libm-2.27.so
7f1aa12a0000-7f1aa149f000 ---p 0019d000 08:01 13112028                   /lib/x86_64-linux-gnu/libm-2.27.so
7f1aa149f000-7f1aa14a0000 r--p 0019c000 08:01 13112028                   /lib/x86_64-linux-gnu/libm-2.27.so
7f1aa14a0000-7f1aa14a1000 rw-p 0019d000 08:01 13112028                   /lib/x86_64-linux-gnu/libm-2.27.so
7f1aa14a1000-7f1aa2183000 r-xp 00000000 08:01 8257750                    /opt/java/jdk1.8.0_191/jre/lib/amd64/server/libjvm.so
7f1aa2183000-7f1aa2383000 ---p 00ce2000 08:01 8257750                    /opt/java/jdk1.8.0_191/jre/lib/amd64/server/libjvm.so
7f1aa2383000-7f1aa2419000 r--p 00ce2000 08:01 8257750                    /opt/java/jdk1.8.0_191/jre/lib/amd64/server/libjvm.so
7f1aa2419000-7f1aa244a000 rw-p 00d78000 08:01 8257750                    /opt/java/jdk1.8.0_191/jre/lib/amd64/server/libjvm.so
7f1aa244a000-7f1aa2485000 rw-p 00000000 00:00 0 
7f1aa2485000-7f1aa266c000 r-xp 00000000 08:01 13111965                   /lib/x86_64-linux-gnu/libc-2.27.so
7f1aa266c000-7f1aa286c000 ---p 001e7000 08:01 13111965                   /lib/x86_64-linux-gnu/libc-2.27.so
7f1aa286c000-7f1aa2870000 r--p 001e7000 08:01 13111965                   /lib/x86_64-linux-gnu/libc-2.27.so
7f1aa2870000-7f1aa2872000 rw-p 001eb000 08:01 13111965                   /lib/x86_64-linux-gnu/libc-2.27.so
7f1aa2872000-7f1aa2876000 rw-p 00000000 00:00 0 
7f1aa2876000-7f1aa2879000 r-xp 00000000 08:01 13111988                   /lib/x86_64-linux-gnu/libdl-2.27.so
7f1aa2879000-7f1aa2a78000 ---p 00003000 08:01 13111988                   /lib/x86_64-linux-gnu/libdl-2.27.so
7f1aa2a78000-7f1aa2a79000 r--p 00002000 08:01 13111988                   /lib/x86_64-linux-gnu/libdl-2.27.so
7f1aa2a79000-7f1aa2a7a000 rw-p 00003000 08:01 13111988                   /lib/x86_64-linux-gnu/libdl-2.27.so
7f1aa2a7a000-7f1aa2a91000 r-xp 00000000 08:01 8129859                    /opt/java/jdk1.8.0_191/lib/amd64/jli/libjli.so
7f1aa2a91000-7f1aa2c90000 ---p 00017000 08:01 8129859                    /opt/java/jdk1.8.0_191/lib/amd64/jli/libjli.so
7f1aa2c90000-7f1aa2c91000 r--p 00016000 08:01 8129859                    /opt/java/jdk1.8.0_191/lib/amd64/jli/libjli.so
7f1aa2c91000-7f1aa2c92000 rw-p 00017000 08:01 8129859                    /opt/java/jdk1.8.0_191/lib/amd64/jli/libjli.so
7f1aa2c92000-7f1aa2cac000 r-xp 00000000 08:01 13112098                   /lib/x86_64-linux-gnu/libpthread-2.27.so
7f1aa2cac000-7f1aa2eab000 ---p 0001a000 08:01 13112098                   /lib/x86_64-linux-gnu/libpthread-2.27.so
7f1aa2eab000-7f1aa2eac000 r--p 00019000 08:01 13112098                   /lib/x86_64-linux-gnu/libpthread-2.27.so
7f1aa2eac000-7f1aa2ead000 rw-p 0001a000 08:01 13112098                   /lib/x86_64-linux-gnu/libpthread-2.27.so
7f1aa2ead000-7f1aa2eb1000 rw-p 00000000 00:00 0 
7f1aa2eb1000-7f1aa2ed8000 r-xp 00000000 08:01 13111937                   /lib/x86_64-linux-gnu/ld-2.27.so
7f1aa2fb7000-7f1aa2fb8000 ---p 00000000 00:00 0 
7f1aa2fb8000-7f1aa2fbb000 ---p 00000000 00:00 0 
7f1aa2fbb000-7f1aa30bc000 rw-p 00000000 00:00 0 
7f1aa30ce000-7f1aa30d6000 rw-s 00000000 08:01 13503200                   /tmp/hsperfdata_liferay/11314
7f1aa30d6000-7f1aa30d7000 rw-p 00000000 00:00 0 
7f1aa30d7000-7f1aa30d8000 r--p 00000000 00:00 0 
7f1aa30d8000-7f1aa30d9000 r--p 00027000 08:01 13111937                   /lib/x86_64-linux-gnu/ld-2.27.so
7f1aa30d9000-7f1aa30da000 rw-p 00028000 08:01 13111937                   /lib/x86_64-linux-gnu/ld-2.27.so
7f1aa30da000-7f1aa30db000 rw-p 00000000 00:00 0 
7ffe1bb01000-7ffe1bb23000 rw-p 00000000 00:00 0                          [stack]
7ffe1bb29000-7ffe1bb2c000 r--p 00000000 00:00 0                          [vvar]
7ffe1bb2c000-7ffe1bb2e000 r-xp 00000000 00:00 0                          [vdso]
ffffffffff600000-ffffffffff601000 r-xp 00000000 00:00 0                  [vsyscall]

VM Arguments:
jvm_args: -Xmx64m -Xms64m -Dgradle.user.home=/opt/git/liferay-portal/.gradle -Xms5g -Xmx5g -Dorg.gradle.appname=gradlew 
java_command: org.gradle.wrapper.GradleWrapperMain --init-script=/opt/git/liferay-portal/modules/init.gradle deploy
java_class_path (initial): /opt/git/liferay-portal/gradle/wrapper/gradle-wrapper.jar
Launcher Type: SUN_STANDARD

Environment Variables:
JAVA_HOME=/opt/java/jdk1.8.0_191
PATH=/opt/java/jdk1.8.0_191/bin:/usr/local/sbin:/usr/local/bin:/usr/sbin:/usr/bin:/sbin:/bin:/usr/games:/usr/local/games:/snap/bin:/home/liferay/.npm-packages/bin:/home/liferay/jpm/bin
SHELL=/bin/bash
DISPLAY=:0.0

Signal Handlers:
SIGSEGV: [libjvm.so+0xaced60], sa_mask[0]=11111111011111111101111111111110, sa_flags=SA_RESTART|SA_SIGINFO
SIGBUS: [libjvm.so+0xaced60], sa_mask[0]=11111111011111111101111111111110, sa_flags=SA_RESTART|SA_SIGINFO
SIGFPE: [libjvm.so+0x907ca0], sa_mask[0]=11111111011111111101111111111110, sa_flags=SA_RESTART|SA_SIGINFO
SIGPIPE: [libjvm.so+0x907ca0], sa_mask[0]=11111111011111111101111111111110, sa_flags=SA_RESTART|SA_SIGINFO
SIGXFSZ: [libjvm.so+0x907ca0], sa_mask[0]=11111111011111111101111111111110, sa_flags=SA_RESTART|SA_SIGINFO
SIGILL: [libjvm.so+0x907ca0], sa_mask[0]=11111111011111111101111111111110, sa_flags=SA_RESTART|SA_SIGINFO
SIGUSR1: SIG_DFL, sa_mask[0]=00000000000000000000000000000000, sa_flags=none
SIGUSR2: [libjvm.so+0x907b70], sa_mask[0]=00100000000000000000000000000000, sa_flags=SA_RESTART|SA_SIGINFO
SIGHUP: SIG_DFL, sa_mask[0]=00000000000000000000000000000000, sa_flags=none
SIGINT: SIG_DFL, sa_mask[0]=00000000000000000000000000000000, sa_flags=none
SIGTERM: SIG_DFL, sa_mask[0]=00000000000000000000000000000000, sa_flags=none
SIGQUIT: SIG_DFL, sa_mask[0]=00000000000000000000000000000000, sa_flags=none


---------------  S Y S T E M  ---------------

OS:DISTRIB_ID=Ubuntu
DISTRIB_RELEASE=18.04
DISTRIB_CODENAME=bionic
DISTRIB_DESCRIPTION="Ubuntu 18.04.4 LTS"

uname:Linux 4.15.0-108-generic #109-Ubuntu SMP Fri Jun 19 11:33:10 UTC 2020 x86_64
libc:glibc 2.27 NPTL 2.27 
rlimit: STACK 8192k, CORE 0k, NPROC 55831, NOFILE 1048576, AS infinity
load average:0.36 0.39 0.37

/proc/meminfo:
MemTotal:       14337784 kB
MemFree:          355524 kB
MemAvailable:    1671576 kB
Buffers:          668128 kB
Cached:           837600 kB
SwapCached:        24912 kB
Active:         12582456 kB
Inactive:         875944 kB
Active(anon):   11483124 kB
Inactive(anon):   478812 kB
Active(file):    1099332 kB
Inactive(file):   397132 kB
Unevictable:         704 kB
Mlocked:             704 kB
SwapTotal:       2097148 kB
SwapFree:        1533984 kB
Dirty:               240 kB
Writeback:             0 kB
AnonPages:      11944552 kB
Mapped:           253748 kB
Shmem:              9588 kB
Slab:             271712 kB
SReclaimable:     129656 kB
SUnreclaim:       142056 kB
KernelStack:       23016 kB
PageTables:        84476 kB
NFS_Unstable:          0 kB
Bounce:                0 kB
WritebackTmp:          0 kB
CommitLimit:     9266040 kB
Committed_AS:   24992236 kB
VmallocTotal:   34359738367 kB
VmallocUsed:           0 kB
VmallocChunk:          0 kB
HardwareCorrupted:     0 kB
AnonHugePages:         0 kB
ShmemHugePages:        0 kB
ShmemPmdMapped:        0 kB
CmaTotal:              0 kB
CmaFree:               0 kB
HugePages_Total:       0
HugePages_Free:        0
HugePages_Rsvd:        0
HugePages_Surp:        0
Hugepagesize:       2048 kB
DirectMap4k:      655168 kB
DirectMap2M:    14024704 kB
DirectMap1G:     2097152 kB

container (cgroup) information:
container_type: cgroupv1
cpu_cpuset_cpus: 0-2
cpu_memory_nodes: 0
active_processor_count: 3
cpu_quota: -1
cpu_period: 100000
cpu_shares: -1
memory_limit_in_bytes: -1
memory_and_swap_limit_in_bytes: -2
memory_soft_limit_in_bytes: -1
memory_usage_in_bytes: 13545955328
memory_max_usage_in_bytes: 14122971136


CPU:total 3 (initial active 3) (3 cores per cpu, 1 threads per core) family 6 model 158 stepping 13, cmov, cx8, fxsr, mmx, sse, sse2, sse3, ssse3, sse4.1, sse4.2, popcnt, avx, avx2, aes, clmul, erms, 3dnowpref, lzcnt, tsc, tscinvbit, bmi1, bmi2, adx

/proc/cpuinfo:
processor	: 0
vendor_id	: GenuineIntel
cpu family	: 6
model		: 158
model name	: Intel(R) Core(TM) i9-9880H CPU @ 2.30GHz
stepping	: 13
microcode	: 0xc6
cpu MHz		: 2303.907
cache size	: 16384 KB
physical id	: 0
siblings	: 3
core id		: 0
cpu cores	: 3
apicid		: 0
initial apicid	: 0
fpu		: yes
fpu_exception	: yes
cpuid level	: 22
wp		: yes
flags		: fpu vme de pse tsc msr pae mce cx8 apic sep mtrr pge mca cmov pat pse36 clflush mmx fxsr sse sse2 ss ht syscall nx pdpe1gb rdtscp lm constant_tsc arch_perfmon nopl xtopology tsc_reliable nonstop_tsc cpuid pni pclmulqdq ssse3 fma cx16 pcid sse4_1 sse4_2 x2apic movbe popcnt tsc_deadline_timer aes xsave avx f16c rdrand hypervisor lahf_lm abm 3dnowprefetch cpuid_fault invpcid_single ssbd ibrs ibpb stibp ibrs_enhanced fsgsbase tsc_adjust bmi1 avx2 smep bmi2 invpcid rdseed adx smap clflushopt xsaveopt xsavec xsaves arat md_clear flush_l1d arch_capabilities
bugs		: spectre_v1 spectre_v2 spec_store_bypass swapgs itlb_multihit srbds
bogomips	: 4607.81
clflush size	: 64
cache_alignment	: 64
address sizes	: 43 bits physical, 48 bits virtual
power management:

processor	: 1
vendor_id	: GenuineIntel
cpu family	: 6
model		: 158
model name	: Intel(R) Core(TM) i9-9880H CPU @ 2.30GHz
stepping	: 13
microcode	: 0xc6
cpu MHz		: 2303.907
cache size	: 16384 KB
physical id	: 0
siblings	: 3
core id		: 1
cpu cores	: 3
apicid		: 1
initial apicid	: 1
fpu		: yes
fpu_exception	: yes
cpuid level	: 22
wp		: yes
flags		: fpu vme de pse tsc msr pae mce cx8 apic sep mtrr pge mca cmov pat pse36 clflush mmx fxsr sse sse2 ss ht syscall nx pdpe1gb rdtscp lm constant_tsc arch_perfmon nopl xtopology tsc_reliable nonstop_tsc cpuid pni pclmulqdq ssse3 fma cx16 pcid sse4_1 sse4_2 x2apic movbe popcnt tsc_deadline_timer aes xsave avx f16c rdrand hypervisor lahf_lm abm 3dnowprefetch cpuid_fault invpcid_single ssbd ibrs ibpb stibp ibrs_enhanced fsgsbase tsc_adjust bmi1 avx2 smep bmi2 invpcid rdseed adx smap clflushopt xsaveopt xsavec xsaves arat md_clear flush_l1d arch_capabilities
bugs		: spectre_v1 spectre_v2 spec_store_bypass swapgs itlb_multihit srbds
bogomips	: 4607.81
clflush size	: 64
cache_alignment	: 64
address sizes	: 43 bits physical, 48 bits virtual
power management:

processor	: 2
vendor_id	: GenuineIntel
cpu family	: 6
model		: 158
model name	: Intel(R) Core(TM) i9-9880H CPU @ 2.30GHz
stepping	: 13
microcode	: 0xc6
cpu MHz		: 2303.907
cache size	: 16384 KB
physical id	: 0
siblings	: 3
core id		: 2
cpu cores	: 3
apicid		: 2
initial apicid	: 2
fpu		: yes
fpu_exception	: yes
cpuid level	: 22
wp		: yes
flags		: fpu vme de pse tsc msr pae mce cx8 apic sep mtrr pge mca cmov pat pse36 clflush mmx fxsr sse sse2 ss ht syscall nx pdpe1gb rdtscp lm constant_tsc arch_perfmon nopl xtopology tsc_reliable nonstop_tsc cpuid pni pclmulqdq ssse3 fma cx16 pcid sse4_1 sse4_2 x2apic movbe popcnt tsc_deadline_timer aes xsave avx f16c rdrand hypervisor lahf_lm abm 3dnowprefetch cpuid_fault invpcid_single ssbd ibrs ibpb stibp ibrs_enhanced fsgsbase tsc_adjust bmi1 avx2 smep bmi2 invpcid rdseed adx smap clflushopt xsaveopt xsavec xsaves arat md_clear flush_l1d arch_capabilities
bugs		: spectre_v1 spectre_v2 spec_store_bypass swapgs itlb_multihit srbds
bogomips	: 4607.81
clflush size	: 64
cache_alignment	: 64
address sizes	: 43 bits physical, 48 bits virtual
power management:



Memory: 4k page, physical 14337784k(355524k free), swap 2097148k(1533984k free)

vm_info: Java HotSpot(TM) 64-Bit Server VM (25.191-b12) for linux-amd64 JRE (1.8.0_191-b12), built on Oct  6 2018 05:43:09 by "java_re" with gcc 7.3.0

time: Sun Jul  5 09:49:46 2020
elapsed time: 0 seconds (0d 0h 0m 0s)

