#
# There is insufficient memory for the Java Runtime Environment to continue.
# Native memory allocation (mmap) failed to map 3579314176 bytes for committing reserved memory.
# Possible reasons:
#   The system is out of physical RAM or swap space
#   In 32 bit mode, the process size limit was hit
# Possible solutions:
#   Reduce memory load on the system
#   Increase physical memory or swap space
#   Check if swap backing store is full
#   Use 64 bit Java on a 64 bit OS
#   Decrease Java heap size (-Xmx/-Xms)
#   Decrease number of Java threads
#   Decrease Java thread stack sizes (-Xss)
#   Set larger code cache with -XX:ReservedCodeCacheSize=
# This output file may be truncated or incomplete.
#
#  Out of Memory Error (os_linux.cpp:2743), pid=36563, tid=0x00007f93390c7700
#
# JRE version:  (8.0_191-b12) (build )
# Java VM: Java HotSpot(TM) 64-Bit Server VM (25.191-b12 mixed mode linux-amd64 compressed oops)
# Failed to write core dump. Core dumps have been disabled. To enable core dumping, try "ulimit -c unlimited" before starting Java again
#

---------------  T H R E A D  ---------------

Current thread (0x00007f933000b000):  JavaThread "Unknown thread" [_thread_in_vm, id=36575, stack(0x00007f9338fc8000,0x00007f93390c8000)]

Stack: [0x00007f9338fc8000,0x00007f93390c8000],  sp=0x00007f93390c6570,  free space=1017k
Native frames: (J=compiled Java code, j=interpreted, Vv=VM code, C=native code)
V  [libjvm.so+0xace425]  VMError::report_and_die()+0x2c5
V  [libjvm.so+0x4deb77]  report_vm_out_of_memory(char const*, int, unsigned long, VMErrorType, char const*)+0x67
V  [libjvm.so+0x90c570]  os::pd_commit_memory(char*, unsigned long, unsigned long, bool)+0x100
V  [libjvm.so+0x903eaf]  os::commit_memory(char*, unsigned long, unsigned long, bool)+0x1f
V  [libjvm.so+0x988346]  PSVirtualSpace::expand_by(unsigned long)+0x56
V  [libjvm.so+0x978c6c]  PSOldGen::initialize(ReservedSpace, unsigned long, char const*, int)+0x8c
V  [libjvm.so+0x2bce5e]  AdjoiningGenerations::AdjoiningGenerations(ReservedSpace, GenerationSizer*, unsigned long)+0x2fe
V  [libjvm.so+0x9369d2]  ParallelScavengeHeap::initialize()+0x222
V  [libjvm.so+0xa922ba]  Universe::initialize_heap()+0x16a
V  [libjvm.so+0xa92593]  universe_init()+0x33
V  [libjvm.so+0x62f0f0]  init_globals()+0x50
V  [libjvm.so+0xa74c57]  Threads::create_vm(JavaVMInitArgs*, bool*)+0x257
V  [libjvm.so+0x6d49ff]  JNI_CreateJavaVM+0x4f
C  [libjli.so+0x7e74]  JavaMain+0x84
C  [libpthread.so.0+0x76db]  start_thread+0xdb


---------------  P R O C E S S  ---------------

Java Threads: ( => current thread )

Other Threads:

=>0x00007f933000b000 (exited) JavaThread "Unknown thread" [_thread_in_vm, id=36575, stack(0x00007f9338fc8000,0x00007f93390c8000)]

VM state:not at safepoint (not fully initialized)

VM Mutex/Monitor currently owned by a thread: None

GC Heap History (0 events):
No events

Deoptimization events (0 events):
No events

Classes redefined (0 events):
No events

Internal exceptions (0 events):
No events

Events (0 events):
No events


Dynamic libraries:
00400000-00401000 r-xp 00000000 08:01 8128497                            /opt/java/jdk1.8.0_191/bin/java
00600000-00601000 r--p 00000000 08:01 8128497                            /opt/java/jdk1.8.0_191/bin/java
00601000-00602000 rw-p 00001000 08:01 8128497                            /opt/java/jdk1.8.0_191/bin/java
013f3000-01414000 rw-p 00000000 00:00 0                                  [heap]
755580000-7c0000000 rw-p 00000000 00:00 0 
7f9321000000-7f9321270000 rwxp 00000000 00:00 0 
7f9321270000-7f9330000000 ---p 00000000 00:00 0 
7f9330000000-7f9330036000 rw-p 00000000 00:00 0 
7f9330036000-7f9334000000 ---p 00000000 00:00 0 
7f933501b000-7f93352ae000 rw-p 00000000 00:00 0 
7f93352ae000-7f9335958000 ---p 00000000 00:00 0 
7f9335958000-7f9335cb9000 rw-p 00000000 00:00 0 
7f9335cb9000-7f933606f000 ---p 00000000 00:00 0 
7f933606f000-7f9336089000 r-xp 00000000 08:01 8257774                    /opt/java/jdk1.8.0_191/jre/lib/amd64/libzip.so
7f9336089000-7f9336289000 ---p 0001a000 08:01 8257774                    /opt/java/jdk1.8.0_191/jre/lib/amd64/libzip.so
7f9336289000-7f933628a000 r--p 0001a000 08:01 8257774                    /opt/java/jdk1.8.0_191/jre/lib/amd64/libzip.so
7f933628a000-7f933628b000 rw-p 0001b000 08:01 8257774                    /opt/java/jdk1.8.0_191/jre/lib/amd64/libzip.so
7f933628b000-7f9336296000 r-xp 00000000 08:01 13113084                   /lib/x86_64-linux-gnu/libnss_files-2.27.so
7f9336296000-7f9336495000 ---p 0000b000 08:01 13113084                   /lib/x86_64-linux-gnu/libnss_files-2.27.so
7f9336495000-7f9336496000 r--p 0000a000 08:01 13113084                   /lib/x86_64-linux-gnu/libnss_files-2.27.so
7f9336496000-7f9336497000 rw-p 0000b000 08:01 13113084                   /lib/x86_64-linux-gnu/libnss_files-2.27.so
7f9336497000-7f933649d000 rw-p 00000000 00:00 0 
7f933649d000-7f93364b4000 r-xp 00000000 08:01 13113074                   /lib/x86_64-linux-gnu/libnsl-2.27.so
7f93364b4000-7f93366b3000 ---p 00017000 08:01 13113074                   /lib/x86_64-linux-gnu/libnsl-2.27.so
7f93366b3000-7f93366b4000 r--p 00016000 08:01 13113074                   /lib/x86_64-linux-gnu/libnsl-2.27.so
7f93366b4000-7f93366b5000 rw-p 00017000 08:01 13113074                   /lib/x86_64-linux-gnu/libnsl-2.27.so
7f93366b5000-7f93366b7000 rw-p 00000000 00:00 0 
7f93366b7000-7f93366c2000 r-xp 00000000 08:01 13113090                   /lib/x86_64-linux-gnu/libnss_nis-2.27.so
7f93366c2000-7f93368c1000 ---p 0000b000 08:01 13113090                   /lib/x86_64-linux-gnu/libnss_nis-2.27.so
7f93368c1000-7f93368c2000 r--p 0000a000 08:01 13113090                   /lib/x86_64-linux-gnu/libnss_nis-2.27.so
7f93368c2000-7f93368c3000 rw-p 0000b000 08:01 13113090                   /lib/x86_64-linux-gnu/libnss_nis-2.27.so
7f93368c3000-7f93368cb000 r-xp 00000000 08:01 13113078                   /lib/x86_64-linux-gnu/libnss_compat-2.27.so
7f93368cb000-7f9336acb000 ---p 00008000 08:01 13113078                   /lib/x86_64-linux-gnu/libnss_compat-2.27.so
7f9336acb000-7f9336acc000 r--p 00008000 08:01 13113078                   /lib/x86_64-linux-gnu/libnss_compat-2.27.so
7f9336acc000-7f9336acd000 rw-p 00009000 08:01 13113078                   /lib/x86_64-linux-gnu/libnss_compat-2.27.so
7f9336acd000-7f9336afa000 r-xp 00000000 08:01 8257768                    /opt/java/jdk1.8.0_191/jre/lib/amd64/libjava.so
7f9336afa000-7f9336cf9000 ---p 0002d000 08:01 8257768                    /opt/java/jdk1.8.0_191/jre/lib/amd64/libjava.so
7f9336cf9000-7f9336cfa000 r--p 0002c000 08:01 8257768                    /opt/java/jdk1.8.0_191/jre/lib/amd64/libjava.so
7f9336cfa000-7f9336cfc000 rw-p 0002d000 08:01 8257768                    /opt/java/jdk1.8.0_191/jre/lib/amd64/libjava.so
7f9336cfc000-7f9336d09000 r-xp 00000000 08:01 8257773                    /opt/java/jdk1.8.0_191/jre/lib/amd64/libverify.so
7f9336d09000-7f9336f08000 ---p 0000d000 08:01 8257773                    /opt/java/jdk1.8.0_191/jre/lib/amd64/libverify.so
7f9336f08000-7f9336f0a000 r--p 0000c000 08:01 8257773                    /opt/java/jdk1.8.0_191/jre/lib/amd64/libverify.so
7f9336f0a000-7f9336f0b000 rw-p 0000e000 08:01 8257773                    /opt/java/jdk1.8.0_191/jre/lib/amd64/libverify.so
7f9336f0b000-7f9336f12000 r-xp 00000000 08:01 13113106                   /lib/x86_64-linux-gnu/librt-2.27.so
7f9336f12000-7f9337111000 ---p 00007000 08:01 13113106                   /lib/x86_64-linux-gnu/librt-2.27.so
7f9337111000-7f9337112000 r--p 00006000 08:01 13113106                   /lib/x86_64-linux-gnu/librt-2.27.so
7f9337112000-7f9337113000 rw-p 00007000 08:01 13113106                   /lib/x86_64-linux-gnu/librt-2.27.so
7f9337113000-7f93372b0000 r-xp 00000000 08:01 13113065                   /lib/x86_64-linux-gnu/libm-2.27.so
7f93372b0000-7f93374af000 ---p 0019d000 08:01 13113065                   /lib/x86_64-linux-gnu/libm-2.27.so
7f93374af000-7f93374b0000 r--p 0019c000 08:01 13113065                   /lib/x86_64-linux-gnu/libm-2.27.so
7f93374b0000-7f93374b1000 rw-p 0019d000 08:01 13113065                   /lib/x86_64-linux-gnu/libm-2.27.so
7f93374b1000-7f9338193000 r-xp 00000000 08:01 8257750                    /opt/java/jdk1.8.0_191/jre/lib/amd64/server/libjvm.so
7f9338193000-7f9338393000 ---p 00ce2000 08:01 8257750                    /opt/java/jdk1.8.0_191/jre/lib/amd64/server/libjvm.so
7f9338393000-7f9338429000 r--p 00ce2000 08:01 8257750                    /opt/java/jdk1.8.0_191/jre/lib/amd64/server/libjvm.so
7f9338429000-7f933845a000 rw-p 00d78000 08:01 8257750                    /opt/java/jdk1.8.0_191/jre/lib/amd64/server/libjvm.so
7f933845a000-7f9338495000 rw-p 00000000 00:00 0 
7f9338495000-7f933867c000 r-xp 00000000 08:01 13112844                   /lib/x86_64-linux-gnu/libc-2.27.so
7f933867c000-7f933887c000 ---p 001e7000 08:01 13112844                   /lib/x86_64-linux-gnu/libc-2.27.so
7f933887c000-7f9338880000 r--p 001e7000 08:01 13112844                   /lib/x86_64-linux-gnu/libc-2.27.so
7f9338880000-7f9338882000 rw-p 001eb000 08:01 13112844                   /lib/x86_64-linux-gnu/libc-2.27.so
7f9338882000-7f9338886000 rw-p 00000000 00:00 0 
7f9338886000-7f9338889000 r-xp 00000000 08:01 13113062                   /lib/x86_64-linux-gnu/libdl-2.27.so
7f9338889000-7f9338a88000 ---p 00003000 08:01 13113062                   /lib/x86_64-linux-gnu/libdl-2.27.so
7f9338a88000-7f9338a89000 r--p 00002000 08:01 13113062                   /lib/x86_64-linux-gnu/libdl-2.27.so
7f9338a89000-7f9338a8a000 rw-p 00003000 08:01 13113062                   /lib/x86_64-linux-gnu/libdl-2.27.so
7f9338a8a000-7f9338aa1000 r-xp 00000000 08:01 8129859                    /opt/java/jdk1.8.0_191/lib/amd64/jli/libjli.so
7f9338aa1000-7f9338ca0000 ---p 00017000 08:01 8129859                    /opt/java/jdk1.8.0_191/lib/amd64/jli/libjli.so
7f9338ca0000-7f9338ca1000 r--p 00016000 08:01 8129859                    /opt/java/jdk1.8.0_191/lib/amd64/jli/libjli.so
7f9338ca1000-7f9338ca2000 rw-p 00017000 08:01 8129859                    /opt/java/jdk1.8.0_191/lib/amd64/jli/libjli.so
7f9338ca2000-7f9338cbc000 r-xp 00000000 08:01 13113100                   /lib/x86_64-linux-gnu/libpthread-2.27.so
7f9338cbc000-7f9338ebb000 ---p 0001a000 08:01 13113100                   /lib/x86_64-linux-gnu/libpthread-2.27.so
7f9338ebb000-7f9338ebc000 r--p 00019000 08:01 13113100                   /lib/x86_64-linux-gnu/libpthread-2.27.so
7f9338ebc000-7f9338ebd000 rw-p 0001a000 08:01 13113100                   /lib/x86_64-linux-gnu/libpthread-2.27.so
7f9338ebd000-7f9338ec1000 rw-p 00000000 00:00 0 
7f9338ec1000-7f9338ee8000 r-xp 00000000 08:01 13112832                   /lib/x86_64-linux-gnu/ld-2.27.so
7f9338fc7000-7f9338fc8000 ---p 00000000 00:00 0 
7f9338fc8000-7f9338fcb000 ---p 00000000 00:00 0 
7f9338fcb000-7f93390cc000 rw-p 00000000 00:00 0 
7f93390de000-7f93390e6000 rw-s 00000000 08:01 13370613                   /tmp/hsperfdata_liferay/36563
7f93390e6000-7f93390e7000 rw-p 00000000 00:00 0 
7f93390e7000-7f93390e8000 r--p 00000000 00:00 0 
7f93390e8000-7f93390e9000 r--p 00027000 08:01 13112832                   /lib/x86_64-linux-gnu/ld-2.27.so
7f93390e9000-7f93390ea000 rw-p 00028000 08:01 13112832                   /lib/x86_64-linux-gnu/ld-2.27.so
7f93390ea000-7f93390eb000 rw-p 00000000 00:00 0 
7ffe500f8000-7ffe5011a000 rw-p 00000000 00:00 0                          [stack]
7ffe50149000-7ffe5014c000 r--p 00000000 00:00 0                          [vvar]
7ffe5014c000-7ffe5014e000 r-xp 00000000 00:00 0                          [vdso]
ffffffffff600000-ffffffffff601000 r-xp 00000000 00:00 0                  [vsyscall]

VM Arguments:
jvm_args: -Xmx64m -Xms64m -Dgradle.user.home=/opt/git/liferay-portal/.gradle -Xms5g -Xmx5g -Dorg.gradle.appname=gradlew 
java_command: org.gradle.wrapper.GradleWrapperMain --init-script=/opt/git/liferay-portal/modules/init.gradle deploy
java_class_path (initial): /opt/git/liferay-portal/gradle/wrapper/gradle-wrapper.jar
Launcher Type: SUN_STANDARD

Environment Variables:
JAVA_HOME=/opt/java/jdk1.8.0_191
PATH=/opt/java/jdk1.8.0_191/bin:/usr/local/sbin:/usr/local/bin:/usr/sbin:/usr/bin:/sbin:/bin:/usr/games:/usr/local/games:/snap/bin:/home/liferay/.npm-packages/bin:/home/liferay/jpm/bin
SHELL=/bin/bash
DISPLAY=:0.0

Signal Handlers:
SIGSEGV: [libjvm.so+0xaced60], sa_mask[0]=11111111011111111101111111111110, sa_flags=SA_RESTART|SA_SIGINFO
SIGBUS: [libjvm.so+0xaced60], sa_mask[0]=11111111011111111101111111111110, sa_flags=SA_RESTART|SA_SIGINFO
SIGFPE: [libjvm.so+0x907ca0], sa_mask[0]=11111111011111111101111111111110, sa_flags=SA_RESTART|SA_SIGINFO
SIGPIPE: [libjvm.so+0x907ca0], sa_mask[0]=11111111011111111101111111111110, sa_flags=SA_RESTART|SA_SIGINFO
SIGXFSZ: [libjvm.so+0x907ca0], sa_mask[0]=11111111011111111101111111111110, sa_flags=SA_RESTART|SA_SIGINFO
SIGILL: [libjvm.so+0x907ca0], sa_mask[0]=11111111011111111101111111111110, sa_flags=SA_RESTART|SA_SIGINFO
SIGUSR1: SIG_DFL, sa_mask[0]=00000000000000000000000000000000, sa_flags=none
SIGUSR2: [libjvm.so+0x907b70], sa_mask[0]=00100000000000000000000000000000, sa_flags=SA_RESTART|SA_SIGINFO
SIGHUP: SIG_DFL, sa_mask[0]=00000000000000000000000000000000, sa_flags=none
SIGINT: SIG_DFL, sa_mask[0]=00000000000000000000000000000000, sa_flags=none
SIGTERM: SIG_DFL, sa_mask[0]=00000000000000000000000000000000, sa_flags=none
SIGQUIT: SIG_DFL, sa_mask[0]=00000000000000000000000000000000, sa_flags=none


---------------  S Y S T E M  ---------------

OS:DISTRIB_ID=Ubuntu
DISTRIB_RELEASE=18.04
DISTRIB_CODENAME=bionic
DISTRIB_DESCRIPTION="Ubuntu 18.04.4 LTS"

uname:Linux 4.15.0-112-generic #113-Ubuntu SMP Thu Jul 9 23:41:39 UTC 2020 x86_64
libc:glibc 2.27 NPTL 2.27 
rlimit: STACK 8192k, CORE 0k, NPROC 55831, NOFILE 1048576, AS infinity
load average:0.40 0.42 0.36

/proc/meminfo:
MemTotal:       14337784 kB
MemFree:          489052 kB
MemAvailable:    1516072 kB
Buffers:          843788 kB
Cached:           312672 kB
SwapCached:        34448 kB
Active:         11795452 kB
Inactive:        1450336 kB
Active(anon):   10921824 kB
Inactive(anon):  1189200 kB
Active(file):     873628 kB
Inactive(file):   261136 kB
Unevictable:         832 kB
Mlocked:             832 kB
SwapTotal:       2097148 kB
SwapFree:        1665912 kB
Dirty:               312 kB
Writeback:             0 kB
AnonPages:      12088892 kB
Mapped:           120832 kB
Shmem:             21716 kB
Slab:             357448 kB
SReclaimable:     221808 kB
SUnreclaim:       135640 kB
KernelStack:       24448 kB
PageTables:        92396 kB
NFS_Unstable:          0 kB
Bounce:                0 kB
WritebackTmp:          0 kB
CommitLimit:     9266040 kB
Committed_AS:   26259884 kB
VmallocTotal:   34359738367 kB
VmallocUsed:           0 kB
VmallocChunk:          0 kB
HardwareCorrupted:     0 kB
AnonHugePages:         0 kB
ShmemHugePages:        0 kB
ShmemPmdMapped:        0 kB
CmaTotal:              0 kB
CmaFree:               0 kB
HugePages_Total:       0
HugePages_Free:        0
HugePages_Rsvd:        0
HugePages_Surp:        0
Hugepagesize:       2048 kB
DirectMap4k:      268096 kB
DirectMap2M:    11266048 kB
DirectMap1G:     5242880 kB

container (cgroup) information:
container_type: cgroupv1
cpu_cpuset_cpus: 0-2
cpu_memory_nodes: 0
active_processor_count: 3
cpu_quota: -1
cpu_period: 100000
cpu_shares: -1
memory_limit_in_bytes: -1
memory_and_swap_limit_in_bytes: -2
memory_soft_limit_in_bytes: -1
memory_usage_in_bytes: 13653147648
memory_max_usage_in_bytes: 14039465984


CPU:total 3 (initial active 3) (3 cores per cpu, 1 threads per core) family 6 model 158 stepping 13, cmov, cx8, fxsr, mmx, sse, sse2, sse3, ssse3, sse4.1, sse4.2, popcnt, avx, avx2, aes, clmul, erms, 3dnowpref, lzcnt, tsc, tscinvbit, bmi1, bmi2, adx

/proc/cpuinfo:
processor	: 0
vendor_id	: GenuineIntel
cpu family	: 6
model		: 158
model name	: Intel(R) Core(TM) i9-9880H CPU @ 2.30GHz
stepping	: 13
microcode	: 0xc6
cpu MHz		: 2303.796
cache size	: 16384 KB
physical id	: 0
siblings	: 3
core id		: 0
cpu cores	: 3
apicid		: 0
initial apicid	: 0
fpu		: yes
fpu_exception	: yes
cpuid level	: 22
wp		: yes
flags		: fpu vme de pse tsc msr pae mce cx8 apic sep mtrr pge mca cmov pat pse36 clflush mmx fxsr sse sse2 ss ht syscall nx pdpe1gb rdtscp lm constant_tsc arch_perfmon nopl xtopology tsc_reliable nonstop_tsc cpuid pni pclmulqdq ssse3 fma cx16 pcid sse4_1 sse4_2 x2apic movbe popcnt tsc_deadline_timer aes xsave avx f16c rdrand hypervisor lahf_lm abm 3dnowprefetch cpuid_fault invpcid_single ssbd ibrs ibpb stibp ibrs_enhanced fsgsbase tsc_adjust bmi1 avx2 smep bmi2 invpcid rdseed adx smap clflushopt xsaveopt xsavec xsaves arat md_clear flush_l1d arch_capabilities
bugs		: spectre_v1 spectre_v2 spec_store_bypass swapgs itlb_multihit srbds
bogomips	: 4607.59
clflush size	: 64
cache_alignment	: 64
address sizes	: 43 bits physical, 48 bits virtual
power management:

processor	: 1
vendor_id	: GenuineIntel
cpu family	: 6
model		: 158
model name	: Intel(R) Core(TM) i9-9880H CPU @ 2.30GHz
stepping	: 13
microcode	: 0xc6
cpu MHz		: 2303.796
cache size	: 16384 KB
physical id	: 0
siblings	: 3
core id		: 1
cpu cores	: 3
apicid		: 1
initial apicid	: 1
fpu		: yes
fpu_exception	: yes
cpuid level	: 22
wp		: yes
flags		: fpu vme de pse tsc msr pae mce cx8 apic sep mtrr pge mca cmov pat pse36 clflush mmx fxsr sse sse2 ss ht syscall nx pdpe1gb rdtscp lm constant_tsc arch_perfmon nopl xtopology tsc_reliable nonstop_tsc cpuid pni pclmulqdq ssse3 fma cx16 pcid sse4_1 sse4_2 x2apic movbe popcnt tsc_deadline_timer aes xsave avx f16c rdrand hypervisor lahf_lm abm 3dnowprefetch cpuid_fault invpcid_single ssbd ibrs ibpb stibp ibrs_enhanced fsgsbase tsc_adjust bmi1 avx2 smep bmi2 invpcid rdseed adx smap clflushopt xsaveopt xsavec xsaves arat md_clear flush_l1d arch_capabilities
bugs		: spectre_v1 spectre_v2 spec_store_bypass swapgs itlb_multihit srbds
bogomips	: 4607.59
clflush size	: 64
cache_alignment	: 64
address sizes	: 43 bits physical, 48 bits virtual
power management:

processor	: 2
vendor_id	: GenuineIntel
cpu family	: 6
model		: 158
model name	: Intel(R) Core(TM) i9-9880H CPU @ 2.30GHz
stepping	: 13
microcode	: 0xc6
cpu MHz		: 2303.796
cache size	: 16384 KB
physical id	: 0
siblings	: 3
core id		: 2
cpu cores	: 3
apicid		: 2
initial apicid	: 2
fpu		: yes
fpu_exception	: yes
cpuid level	: 22
wp		: yes
flags		: fpu vme de pse tsc msr pae mce cx8 apic sep mtrr pge mca cmov pat pse36 clflush mmx fxsr sse sse2 ss ht syscall nx pdpe1gb rdtscp lm constant_tsc arch_perfmon nopl xtopology tsc_reliable nonstop_tsc cpuid pni pclmulqdq ssse3 fma cx16 pcid sse4_1 sse4_2 x2apic movbe popcnt tsc_deadline_timer aes xsave avx f16c rdrand hypervisor lahf_lm abm 3dnowprefetch cpuid_fault invpcid_single ssbd ibrs ibpb stibp ibrs_enhanced fsgsbase tsc_adjust bmi1 avx2 smep bmi2 invpcid rdseed adx smap clflushopt xsaveopt xsavec xsaves arat md_clear flush_l1d arch_capabilities
bugs		: spectre_v1 spectre_v2 spec_store_bypass swapgs itlb_multihit srbds
bogomips	: 4607.59
clflush size	: 64
cache_alignment	: 64
address sizes	: 43 bits physical, 48 bits virtual
power management:



Memory: 4k page, physical 14337784k(489052k free), swap 2097148k(1665912k free)

vm_info: Java HotSpot(TM) 64-Bit Server VM (25.191-b12) for linux-amd64 JRE (1.8.0_191-b12), built on Oct  6 2018 05:43:09 by "java_re" with gcc 7.3.0

time: Tue Aug 11 15:01:35 2020
elapsed time: 0 seconds (0d 0h 0m 0s)

