#
# There is insufficient memory for the Java Runtime Environment to continue.
# Native memory allocation (mmap) failed to map 3579314176 bytes for committing reserved memory.
# Possible reasons:
#   The system is out of physical RAM or swap space
#   In 32 bit mode, the process size limit was hit
# Possible solutions:
#   Reduce memory load on the system
#   Increase physical memory or swap space
#   Check if swap backing store is full
#   Use 64 bit Java on a 64 bit OS
#   Decrease Java heap size (-Xmx/-Xms)
#   Decrease number of Java threads
#   Decrease Java thread stack sizes (-Xss)
#   Set larger code cache with -XX:ReservedCodeCacheSize=
# This output file may be truncated or incomplete.
#
#  Out of Memory Error (os_linux.cpp:2743), pid=40178, tid=0x00007f0e32406700
#
# JRE version:  (8.0_191-b12) (build )
# Java VM: Java HotSpot(TM) 64-Bit Server VM (25.191-b12 mixed mode linux-amd64 compressed oops)
# Failed to write core dump. Core dumps have been disabled. To enable core dumping, try "ulimit -c unlimited" before starting Java again
#

---------------  T H R E A D  ---------------

Current thread (0x00007f0e2c00b000):  JavaThread "Unknown thread" [_thread_in_vm, id=40189, stack(0x00007f0e32307000,0x00007f0e32407000)]

Stack: [0x00007f0e32307000,0x00007f0e32407000],  sp=0x00007f0e32405570,  free space=1017k
Native frames: (J=compiled Java code, j=interpreted, Vv=VM code, C=native code)
V  [libjvm.so+0xace425]  VMError::report_and_die()+0x2c5
V  [libjvm.so+0x4deb77]  report_vm_out_of_memory(char const*, int, unsigned long, VMErrorType, char const*)+0x67
V  [libjvm.so+0x90c570]  os::pd_commit_memory(char*, unsigned long, unsigned long, bool)+0x100
V  [libjvm.so+0x903eaf]  os::commit_memory(char*, unsigned long, unsigned long, bool)+0x1f
V  [libjvm.so+0x988346]  PSVirtualSpace::expand_by(unsigned long)+0x56
V  [libjvm.so+0x978c6c]  PSOldGen::initialize(ReservedSpace, unsigned long, char const*, int)+0x8c
V  [libjvm.so+0x2bce5e]  AdjoiningGenerations::AdjoiningGenerations(ReservedSpace, GenerationSizer*, unsigned long)+0x2fe
V  [libjvm.so+0x9369d2]  ParallelScavengeHeap::initialize()+0x222
V  [libjvm.so+0xa922ba]  Universe::initialize_heap()+0x16a
V  [libjvm.so+0xa92593]  universe_init()+0x33
V  [libjvm.so+0x62f0f0]  init_globals()+0x50
V  [libjvm.so+0xa74c57]  Threads::create_vm(JavaVMInitArgs*, bool*)+0x257
V  [libjvm.so+0x6d49ff]  JNI_CreateJavaVM+0x4f
C  [libjli.so+0x7e74]  JavaMain+0x84
C  [libpthread.so.0+0x76db]  start_thread+0xdb


---------------  P R O C E S S  ---------------

Java Threads: ( => current thread )

Other Threads:

=>0x00007f0e2c00b000 (exited) JavaThread "Unknown thread" [_thread_in_vm, id=40189, stack(0x00007f0e32307000,0x00007f0e32407000)]

VM state:not at safepoint (not fully initialized)

VM Mutex/Monitor currently owned by a thread: None

GC Heap History (0 events):
No events

Deoptimization events (0 events):
No events

Classes redefined (0 events):
No events

Internal exceptions (0 events):
No events

Events (0 events):
No events


Dynamic libraries:
00400000-00401000 r-xp 00000000 08:01 8128497                            /opt/java/jdk1.8.0_191/bin/java
00600000-00601000 r--p 00000000 08:01 8128497                            /opt/java/jdk1.8.0_191/bin/java
00601000-00602000 rw-p 00001000 08:01 8128497                            /opt/java/jdk1.8.0_191/bin/java
01007000-01028000 rw-p 00000000 00:00 0                                  [heap]
755580000-7c0000000 rw-p 00000000 00:00 0 
7f0e1b31f000-7f0e1b5b2000 rw-p 00000000 00:00 0 
7f0e1b5b2000-7f0e1bc5c000 ---p 00000000 00:00 0 
7f0e1bc5c000-7f0e1bfbd000 rw-p 00000000 00:00 0 
7f0e1bfbd000-7f0e1c373000 ---p 00000000 00:00 0 
7f0e1c373000-7f0e1c5e3000 rwxp 00000000 00:00 0 
7f0e1c5e3000-7f0e2b373000 ---p 00000000 00:00 0 
7f0e2b373000-7f0e2b38d000 r-xp 00000000 08:01 8257774                    /opt/java/jdk1.8.0_191/jre/lib/amd64/libzip.so
7f0e2b38d000-7f0e2b58d000 ---p 0001a000 08:01 8257774                    /opt/java/jdk1.8.0_191/jre/lib/amd64/libzip.so
7f0e2b58d000-7f0e2b58e000 r--p 0001a000 08:01 8257774                    /opt/java/jdk1.8.0_191/jre/lib/amd64/libzip.so
7f0e2b58e000-7f0e2b58f000 rw-p 0001b000 08:01 8257774                    /opt/java/jdk1.8.0_191/jre/lib/amd64/libzip.so
7f0e2b58f000-7f0e2b59a000 r-xp 00000000 08:01 13172453                   /lib/x86_64-linux-gnu/libnss_files-2.27.so
7f0e2b59a000-7f0e2b799000 ---p 0000b000 08:01 13172453                   /lib/x86_64-linux-gnu/libnss_files-2.27.so
7f0e2b799000-7f0e2b79a000 r--p 0000a000 08:01 13172453                   /lib/x86_64-linux-gnu/libnss_files-2.27.so
7f0e2b79a000-7f0e2b79b000 rw-p 0000b000 08:01 13172453                   /lib/x86_64-linux-gnu/libnss_files-2.27.so
7f0e2b79b000-7f0e2b7a1000 rw-p 00000000 00:00 0 
7f0e2b7a1000-7f0e2b7b8000 r-xp 00000000 08:01 13172450                   /lib/x86_64-linux-gnu/libnsl-2.27.so
7f0e2b7b8000-7f0e2b9b7000 ---p 00017000 08:01 13172450                   /lib/x86_64-linux-gnu/libnsl-2.27.so
7f0e2b9b7000-7f0e2b9b8000 r--p 00016000 08:01 13172450                   /lib/x86_64-linux-gnu/libnsl-2.27.so
7f0e2b9b8000-7f0e2b9b9000 rw-p 00017000 08:01 13172450                   /lib/x86_64-linux-gnu/libnsl-2.27.so
7f0e2b9b9000-7f0e2b9bb000 rw-p 00000000 00:00 0 
7f0e2b9bb000-7f0e2b9c6000 r-xp 00000000 08:01 13172455                   /lib/x86_64-linux-gnu/libnss_nis-2.27.so
7f0e2b9c6000-7f0e2bbc5000 ---p 0000b000 08:01 13172455                   /lib/x86_64-linux-gnu/libnss_nis-2.27.so
7f0e2bbc5000-7f0e2bbc6000 r--p 0000a000 08:01 13172455                   /lib/x86_64-linux-gnu/libnss_nis-2.27.so
7f0e2bbc6000-7f0e2bbc7000 rw-p 0000b000 08:01 13172455                   /lib/x86_64-linux-gnu/libnss_nis-2.27.so
7f0e2bbc7000-7f0e2bbcf000 r-xp 00000000 08:01 13172451                   /lib/x86_64-linux-gnu/libnss_compat-2.27.so
7f0e2bbcf000-7f0e2bdcf000 ---p 00008000 08:01 13172451                   /lib/x86_64-linux-gnu/libnss_compat-2.27.so
7f0e2bdcf000-7f0e2bdd0000 r--p 00008000 08:01 13172451                   /lib/x86_64-linux-gnu/libnss_compat-2.27.so
7f0e2bdd0000-7f0e2bdd1000 rw-p 00009000 08:01 13172451                   /lib/x86_64-linux-gnu/libnss_compat-2.27.so
7f0e2bdd1000-7f0e2bdfe000 r-xp 00000000 08:01 8257768                    /opt/java/jdk1.8.0_191/jre/lib/amd64/libjava.so
7f0e2bdfe000-7f0e2bffd000 ---p 0002d000 08:01 8257768                    /opt/java/jdk1.8.0_191/jre/lib/amd64/libjava.so
7f0e2bffd000-7f0e2bffe000 r--p 0002c000 08:01 8257768                    /opt/java/jdk1.8.0_191/jre/lib/amd64/libjava.so
7f0e2bffe000-7f0e2c000000 rw-p 0002d000 08:01 8257768                    /opt/java/jdk1.8.0_191/jre/lib/amd64/libjava.so
7f0e2c000000-7f0e2c036000 rw-p 00000000 00:00 0 
7f0e2c036000-7f0e30000000 ---p 00000000 00:00 0 
7f0e30039000-7f0e30046000 r-xp 00000000 08:01 8257773                    /opt/java/jdk1.8.0_191/jre/lib/amd64/libverify.so
7f0e30046000-7f0e30245000 ---p 0000d000 08:01 8257773                    /opt/java/jdk1.8.0_191/jre/lib/amd64/libverify.so
7f0e30245000-7f0e30247000 r--p 0000c000 08:01 8257773                    /opt/java/jdk1.8.0_191/jre/lib/amd64/libverify.so
7f0e30247000-7f0e30248000 rw-p 0000e000 08:01 8257773                    /opt/java/jdk1.8.0_191/jre/lib/amd64/libverify.so
7f0e30248000-7f0e3024f000 r-xp 00000000 08:01 13172460                   /lib/x86_64-linux-gnu/librt-2.27.so
7f0e3024f000-7f0e3044e000 ---p 00007000 08:01 13172460                   /lib/x86_64-linux-gnu/librt-2.27.so
7f0e3044e000-7f0e3044f000 r--p 00006000 08:01 13172460                   /lib/x86_64-linux-gnu/librt-2.27.so
7f0e3044f000-7f0e30450000 rw-p 00007000 08:01 13172460                   /lib/x86_64-linux-gnu/librt-2.27.so
7f0e30450000-7f0e305ed000 r-xp 00000000 08:01 13172447                   /lib/x86_64-linux-gnu/libm-2.27.so
7f0e305ed000-7f0e307ec000 ---p 0019d000 08:01 13172447                   /lib/x86_64-linux-gnu/libm-2.27.so
7f0e307ec000-7f0e307ed000 r--p 0019c000 08:01 13172447                   /lib/x86_64-linux-gnu/libm-2.27.so
7f0e307ed000-7f0e307ee000 rw-p 0019d000 08:01 13172447                   /lib/x86_64-linux-gnu/libm-2.27.so
7f0e307ee000-7f0e314d0000 r-xp 00000000 08:01 8257750                    /opt/java/jdk1.8.0_191/jre/lib/amd64/server/libjvm.so
7f0e314d0000-7f0e316d0000 ---p 00ce2000 08:01 8257750                    /opt/java/jdk1.8.0_191/jre/lib/amd64/server/libjvm.so
7f0e316d0000-7f0e31766000 r--p 00ce2000 08:01 8257750                    /opt/java/jdk1.8.0_191/jre/lib/amd64/server/libjvm.so
7f0e31766000-7f0e31797000 rw-p 00d78000 08:01 8257750                    /opt/java/jdk1.8.0_191/jre/lib/amd64/server/libjvm.so
7f0e31797000-7f0e317d2000 rw-p 00000000 00:00 0 
7f0e317d2000-7f0e319b9000 r-xp 00000000 08:01 13172443                   /lib/x86_64-linux-gnu/libc-2.27.so
7f0e319b9000-7f0e31bb9000 ---p 001e7000 08:01 13172443                   /lib/x86_64-linux-gnu/libc-2.27.so
7f0e31bb9000-7f0e31bbd000 r--p 001e7000 08:01 13172443                   /lib/x86_64-linux-gnu/libc-2.27.so
7f0e31bbd000-7f0e31bbf000 rw-p 001eb000 08:01 13172443                   /lib/x86_64-linux-gnu/libc-2.27.so
7f0e31bbf000-7f0e31bc3000 rw-p 00000000 00:00 0 
7f0e31bc3000-7f0e31bc6000 r-xp 00000000 08:01 13172446                   /lib/x86_64-linux-gnu/libdl-2.27.so
7f0e31bc6000-7f0e31dc5000 ---p 00003000 08:01 13172446                   /lib/x86_64-linux-gnu/libdl-2.27.so
7f0e31dc5000-7f0e31dc6000 r--p 00002000 08:01 13172446                   /lib/x86_64-linux-gnu/libdl-2.27.so
7f0e31dc6000-7f0e31dc7000 rw-p 00003000 08:01 13172446                   /lib/x86_64-linux-gnu/libdl-2.27.so
7f0e31dc7000-7f0e31dde000 r-xp 00000000 08:01 8129859                    /opt/java/jdk1.8.0_191/lib/amd64/jli/libjli.so
7f0e31dde000-7f0e31fdd000 ---p 00017000 08:01 8129859                    /opt/java/jdk1.8.0_191/lib/amd64/jli/libjli.so
7f0e31fdd000-7f0e31fde000 r--p 00016000 08:01 8129859                    /opt/java/jdk1.8.0_191/lib/amd64/jli/libjli.so
7f0e31fde000-7f0e31fdf000 rw-p 00017000 08:01 8129859                    /opt/java/jdk1.8.0_191/lib/amd64/jli/libjli.so
7f0e31fdf000-7f0e31ff9000 r-xp 00000000 08:01 13172458                   /lib/x86_64-linux-gnu/libpthread-2.27.so
7f0e31ff9000-7f0e321f8000 ---p 0001a000 08:01 13172458                   /lib/x86_64-linux-gnu/libpthread-2.27.so
7f0e321f8000-7f0e321f9000 r--p 00019000 08:01 13172458                   /lib/x86_64-linux-gnu/libpthread-2.27.so
7f0e321f9000-7f0e321fa000 rw-p 0001a000 08:01 13172458                   /lib/x86_64-linux-gnu/libpthread-2.27.so
7f0e321fa000-7f0e321fe000 rw-p 00000000 00:00 0 
7f0e321fe000-7f0e32227000 r-xp 00000000 08:01 13172433                   /lib/x86_64-linux-gnu/ld-2.27.so
7f0e32306000-7f0e32307000 ---p 00000000 00:00 0 
7f0e32307000-7f0e3230a000 ---p 00000000 00:00 0 
7f0e3230a000-7f0e3240b000 rw-p 00000000 00:00 0 
7f0e3241d000-7f0e32425000 rw-s 00000000 08:01 13373942                   /tmp/hsperfdata_liferay/40178
7f0e32425000-7f0e32426000 rw-p 00000000 00:00 0 
7f0e32426000-7f0e32427000 r--p 00000000 00:00 0 
7f0e32427000-7f0e32428000 r--p 00029000 08:01 13172433                   /lib/x86_64-linux-gnu/ld-2.27.so
7f0e32428000-7f0e32429000 rw-p 0002a000 08:01 13172433                   /lib/x86_64-linux-gnu/ld-2.27.so
7f0e32429000-7f0e3242a000 rw-p 00000000 00:00 0 
7fffa7414000-7fffa7436000 rw-p 00000000 00:00 0                          [stack]
7fffa74db000-7fffa74de000 r--p 00000000 00:00 0                          [vvar]
7fffa74de000-7fffa74e0000 r-xp 00000000 00:00 0                          [vdso]
ffffffffff600000-ffffffffff601000 r-xp 00000000 00:00 0                  [vsyscall]

VM Arguments:
jvm_args: -Xmx64m -Xms64m -Dgradle.user.home=/opt/git/liferay-portal/.gradle -Xms5g -Xmx5g -Dorg.gradle.appname=gradlew 
java_command: org.gradle.wrapper.GradleWrapperMain --init-script=/opt/git/liferay-portal/modules/init.gradle deploy
java_class_path (initial): /opt/git/liferay-portal/gradle/wrapper/gradle-wrapper.jar
Launcher Type: SUN_STANDARD

Environment Variables:
JAVA_HOME=/opt/java/jdk1.8.0_191
PATH=/home/liferay/.config/nvm/versions/node/v15.2.1/bin:/opt/java/jdk1.8.0_191/bin:/home/liferay/.local/bin:/usr/local/sbin:/usr/local/bin:/usr/sbin:/usr/bin:/sbin:/bin:/usr/games:/usr/local/games:/snap/bin:/home/liferay/.npm-packages/bin:/home/liferay/jpm/bin
SHELL=/bin/bash
DISPLAY=:0.0

Signal Handlers:
SIGSEGV: [libjvm.so+0xaced60], sa_mask[0]=11111111011111111101111111111110, sa_flags=SA_RESTART|SA_SIGINFO
SIGBUS: [libjvm.so+0xaced60], sa_mask[0]=11111111011111111101111111111110, sa_flags=SA_RESTART|SA_SIGINFO
SIGFPE: [libjvm.so+0x907ca0], sa_mask[0]=11111111011111111101111111111110, sa_flags=SA_RESTART|SA_SIGINFO
SIGPIPE: [libjvm.so+0x907ca0], sa_mask[0]=11111111011111111101111111111110, sa_flags=SA_RESTART|SA_SIGINFO
SIGXFSZ: [libjvm.so+0x907ca0], sa_mask[0]=11111111011111111101111111111110, sa_flags=SA_RESTART|SA_SIGINFO
SIGILL: [libjvm.so+0x907ca0], sa_mask[0]=11111111011111111101111111111110, sa_flags=SA_RESTART|SA_SIGINFO
SIGUSR1: SIG_DFL, sa_mask[0]=00000000000000000000000000000000, sa_flags=none
SIGUSR2: [libjvm.so+0x907b70], sa_mask[0]=00100000000000000000000000000000, sa_flags=SA_RESTART|SA_SIGINFO
SIGHUP: SIG_DFL, sa_mask[0]=00000000000000000000000000000000, sa_flags=none
SIGINT: SIG_DFL, sa_mask[0]=00000000000000000000000000000000, sa_flags=none
SIGTERM: SIG_DFL, sa_mask[0]=00000000000000000000000000000000, sa_flags=none
SIGQUIT: SIG_DFL, sa_mask[0]=00000000000000000000000000000000, sa_flags=none


---------------  S Y S T E M  ---------------

OS:DISTRIB_ID=Ubuntu
DISTRIB_RELEASE=18.04
DISTRIB_CODENAME=bionic
DISTRIB_DESCRIPTION="Ubuntu 18.04.5 LTS"

uname:Linux 4.15.0-128-generic #131-Ubuntu SMP Wed Dec 9 06:57:35 UTC 2020 x86_64
libc:glibc 2.27 NPTL 2.27 
rlimit: STACK 8192k, CORE 0k, NPROC 75989, NOFILE 1048576, AS infinity
load average:0.31 0.42 0.43

/proc/meminfo:
MemTotal:       19498736 kB
MemFree:          439284 kB
MemAvailable:    1898320 kB
Buffers:          848852 kB
Cached:           663500 kB
SwapCached:        13768 kB
Active:         16601112 kB
Inactive:        1656588 kB
Active(anon):   15423972 kB
Inactive(anon):  1387920 kB
Active(file):    1177140 kB
Inactive(file):   268668 kB
Unevictable:         304 kB
Mlocked:             304 kB
SwapTotal:       2097148 kB
SwapFree:        1395452 kB
Dirty:              1364 kB
Writeback:             0 kB
AnonPages:      16739536 kB
Mapped:           377276 kB
Shmem:             67692 kB
Slab:             513796 kB
SReclaimable:     371988 kB
SUnreclaim:       141808 kB
KernelStack:       21828 kB
PageTables:        87304 kB
NFS_Unstable:          0 kB
Bounce:                0 kB
WritebackTmp:          0 kB
CommitLimit:    11846516 kB
Committed_AS:   24432508 kB
VmallocTotal:   34359738367 kB
VmallocUsed:           0 kB
VmallocChunk:          0 kB
HardwareCorrupted:     0 kB
AnonHugePages:         0 kB
ShmemHugePages:        0 kB
ShmemPmdMapped:        0 kB
CmaTotal:              0 kB
CmaFree:               0 kB
HugePages_Total:       0
HugePages_Free:        0
HugePages_Rsvd:        0
HugePages_Surp:        0
Hugepagesize:       2048 kB
DirectMap4k:      741184 kB
DirectMap2M:    19181568 kB
DirectMap1G:     2097152 kB

container (cgroup) information:
container_type: cgroupv1
cpu_cpuset_cpus: 0-2
cpu_memory_nodes: 0
active_processor_count: 3
cpu_quota: -1
cpu_period: 100000
cpu_shares: -1
memory_limit_in_bytes: -1
memory_and_swap_limit_in_bytes: -2
memory_soft_limit_in_bytes: -1
memory_usage_in_bytes: 18562150400
memory_max_usage_in_bytes: 19102380032


CPU:total 3 (initial active 3) (3 cores per cpu, 1 threads per core) family 6 model 158 stepping 13, cmov, cx8, fxsr, mmx, sse, sse2, sse3, ssse3, sse4.1, sse4.2, popcnt, avx, avx2, aes, clmul, erms, 3dnowpref, lzcnt, tsc, tscinvbit, bmi1, bmi2, adx

/proc/cpuinfo:
processor	: 0
vendor_id	: GenuineIntel
cpu family	: 6
model		: 158
model name	: Intel(R) Core(TM) i9-9880H CPU @ 2.30GHz
stepping	: 13
microcode	: 0xd6
cpu MHz		: 2303.938
cache size	: 16384 KB
physical id	: 0
siblings	: 3
core id		: 0
cpu cores	: 3
apicid		: 0
initial apicid	: 0
fpu		: yes
fpu_exception	: yes
cpuid level	: 22
wp		: yes
flags		: fpu vme de pse tsc msr pae mce cx8 apic sep mtrr pge mca cmov pat pse36 clflush mmx fxsr sse sse2 ss ht syscall nx pdpe1gb rdtscp lm constant_tsc arch_perfmon nopl xtopology tsc_reliable nonstop_tsc cpuid pni pclmulqdq ssse3 fma cx16 pcid sse4_1 sse4_2 x2apic movbe popcnt tsc_deadline_timer aes xsave avx f16c rdrand hypervisor lahf_lm abm 3dnowprefetch cpuid_fault invpcid_single ssbd ibrs ibpb stibp ibrs_enhanced fsgsbase tsc_adjust bmi1 avx2 smep bmi2 invpcid rdseed adx smap clflushopt xsaveopt xsavec xsaves arat md_clear flush_l1d arch_capabilities
bugs		: spectre_v1 spectre_v2 spec_store_bypass swapgs itlb_multihit srbds
bogomips	: 4607.87
clflush size	: 64
cache_alignment	: 64
address sizes	: 43 bits physical, 48 bits virtual
power management:

processor	: 1
vendor_id	: GenuineIntel
cpu family	: 6
model		: 158
model name	: Intel(R) Core(TM) i9-9880H CPU @ 2.30GHz
stepping	: 13
microcode	: 0xd6
cpu MHz		: 2303.938
cache size	: 16384 KB
physical id	: 0
siblings	: 3
core id		: 1
cpu cores	: 3
apicid		: 1
initial apicid	: 1
fpu		: yes
fpu_exception	: yes
cpuid level	: 22
wp		: yes
flags		: fpu vme de pse tsc msr pae mce cx8 apic sep mtrr pge mca cmov pat pse36 clflush mmx fxsr sse sse2 ss ht syscall nx pdpe1gb rdtscp lm constant_tsc arch_perfmon nopl xtopology tsc_reliable nonstop_tsc cpuid pni pclmulqdq ssse3 fma cx16 pcid sse4_1 sse4_2 x2apic movbe popcnt tsc_deadline_timer aes xsave avx f16c rdrand hypervisor lahf_lm abm 3dnowprefetch cpuid_fault invpcid_single ssbd ibrs ibpb stibp ibrs_enhanced fsgsbase tsc_adjust bmi1 avx2 smep bmi2 invpcid rdseed adx smap clflushopt xsaveopt xsavec xsaves arat md_clear flush_l1d arch_capabilities
bugs		: spectre_v1 spectre_v2 spec_store_bypass swapgs itlb_multihit srbds
bogomips	: 4607.87
clflush size	: 64
cache_alignment	: 64
address sizes	: 43 bits physical, 48 bits virtual
power management:

processor	: 2
vendor_id	: GenuineIntel
cpu family	: 6
model		: 158
model name	: Intel(R) Core(TM) i9-9880H CPU @ 2.30GHz
stepping	: 13
microcode	: 0xd6
cpu MHz		: 2303.938
cache size	: 16384 KB
physical id	: 0
siblings	: 3
core id		: 2
cpu cores	: 3
apicid		: 2
initial apicid	: 2
fpu		: yes
fpu_exception	: yes
cpuid level	: 22
wp		: yes
flags		: fpu vme de pse tsc msr pae mce cx8 apic sep mtrr pge mca cmov pat pse36 clflush mmx fxsr sse sse2 ss ht syscall nx pdpe1gb rdtscp lm constant_tsc arch_perfmon nopl xtopology tsc_reliable nonstop_tsc cpuid pni pclmulqdq ssse3 fma cx16 pcid sse4_1 sse4_2 x2apic movbe popcnt tsc_deadline_timer aes xsave avx f16c rdrand hypervisor lahf_lm abm 3dnowprefetch cpuid_fault invpcid_single ssbd ibrs ibpb stibp ibrs_enhanced fsgsbase tsc_adjust bmi1 avx2 smep bmi2 invpcid rdseed adx smap clflushopt xsaveopt xsavec xsaves arat md_clear flush_l1d arch_capabilities
bugs		: spectre_v1 spectre_v2 spec_store_bypass swapgs itlb_multihit srbds
bogomips	: 4607.87
clflush size	: 64
cache_alignment	: 64
address sizes	: 43 bits physical, 48 bits virtual
power management:



Memory: 4k page, physical 19498736k(439284k free), swap 2097148k(1395452k free)

vm_info: Java HotSpot(TM) 64-Bit Server VM (25.191-b12) for linux-amd64 JRE (1.8.0_191-b12), built on Oct  6 2018 05:43:09 by "java_re" with gcc 7.3.0

time: Fri Jan 15 20:09:20 2021
elapsed time: 0 seconds (0d 0h 0m 0s)

